<?xml version="1.0" encoding="UTF-8"?>
<testsuite name="ru.netology.rest.PostmanEchoTest" tests="1" skipped="0" failures="0" errors="0" timestamp="2023-06-22T12:07:44" hostname="DESKTOP-PFS3J3L" time="4.455">
  <properties/>
  <testcase name="shouldReturnEndData()" classname="ru.netology.rest.PostmanEchoTest" time="4.455"/>
  <system-out><![CDATA[]]></system-out>
  <system-err><![CDATA[]]></system-err>
</testsuite>
